{
  "0 debug pnpm:scope": {
    "selected": 1
  },
  "1 error pnpm": {
    "code": "ELIFECYCLE",
    "errno": "ENOENT",
    "syscall": "spawn",
    "file": "sh",
    "pkgid": "purs-parcel@0.0.1",
    "stage": "dev",
    "script": "parcel index-dev.html --open",
    "pkgname": "purs-parcel",
    "err": {
      "name": "pnpm",
      "message": "purs-parcel@0.0.1 dev: `parcel index-dev.html --open`\nspawn ENOENT",
      "code": "ELIFECYCLE",
      "stack": "pnpm: purs-parcel@0.0.1 dev: `parcel index-dev.html --open`\nspawn ENOENT\n    at ChildProcess.<anonymous> (/home/knrd/.nvm/versions/node/v16.3.0/pnpm-global/5/node_modules/.pnpm/pnpm@6.14.6/node_modules/pnpm/dist/pnpm.cjs:92558:22)\n    at ChildProcess.emit (node:events:394:28)\n    at maybeClose (node:internal/child_process:1067:16)\n    at Process.ChildProcess._handle.onexit (node:internal/child_process:301:5)"
    }
  },
  "2 warn pnpm:global": " Local package.json exists, but node_modules missing, did you mean to install?"
}